
Date: 2017-01-18 12:47:20.370
Error: listen EADDRINUSE :::8899
    at Object.exports._errnoException (util.js:1022:11)
    at exports._exceptionWithHostPort (util.js:1045:20)
    at Server._listen2 (net.js:1262:14)
    at listen (net.js:1298:10)
    at Server.listen (net.js:1376:9)
    at Function.app.listen (/Users/fireyy/tmp/fetch_https/node_modules/express/lib/application.js:595:24)
    at proxy (/Users/fireyy/tmp/fetch_https/node_modules/whistle/lib/index.js:262:20)
    at init (/Users/fireyy/tmp/fetch_https/node_modules/whistle/index.js:38:25)
    at Command.<anonymous> (/Users/fireyy/tmp/fetch_https/node_modules/starting/lib/bootstrap.js:10:4)
    at Command.listener (/Users/fireyy/tmp/fetch_https/node_modules/starting/node_modules/commander/index.js:289:8)

Date: 2017-01-18 15:56:39.665
Error: listen EADDRINUSE :::8899
    at Object.exports._errnoException (util.js:1026:11)
    at exports._exceptionWithHostPort (util.js:1049:20)
    at Server._listen2 (net.js:1257:14)
    at listen (net.js:1293:10)
    at Server.listen (net.js:1389:5)
    at EventEmitter.app.listen (/Users/Joe/Desktop/fetch_https/node_modules/express/lib/application.js:595:24)
    at proxy (/Users/Joe/Desktop/fetch_https/node_modules/whistle/lib/index.js:262:20)
    at init (/Users/Joe/Desktop/fetch_https/node_modules/whistle/index.js:38:25)
    at Command.<anonymous> (/Users/Joe/Desktop/fetch_https/node_modules/starting/lib/bootstrap.js:10:4)
    at Command.listener (/Users/Joe/Desktop/fetch_https/node_modules/starting/node_modules/commander/index.js:289:8)
